0 info it worked if it ends with ok
1 verbose cli [ 'C:\\Program Files\\nodejs\\node.exe',
1 verbose cli   'C:\\Users\\Dragos\\AppData\\Roaming\\npm\\node_modules\\npm\\bin\\npm-cli.js',
1 verbose cli   'run',
1 verbose cli   'dev' ]
2 info using npm@4.0.5
3 info using node@v7.7.3
4 verbose run-script [ 'predev', 'dev', 'postdev' ]
5 info lifecycle multiplayer-td@~predev: multiplayer-td@
6 silly lifecycle multiplayer-td@~predev: no script for predev, continuing
7 info lifecycle multiplayer-td@~dev: multiplayer-td@
8 verbose lifecycle multiplayer-td@~dev: unsafe-perm in lifecycle true
9 verbose lifecycle multiplayer-td@~dev: PATH: C:\Users\Dragos\AppData\Roaming\npm\node_modules\npm\bin\node-gyp-bin;C:\Users\Dragos\Documents\GitHub\MultiplayerTowerDefence\node_modules\.bin;%appdata%\npm;C:\Program Files\ImageMagick-7.0.1-Q16;C:\Program Files (x86)\NVIDIA Corporation\PhysX\Common;C:\ProgramData\Oracle\Java\javapath;C:\WINDOWS\system32;C:\WINDOWS;C:\WINDOWS\System32\Wbem;C:\WINDOWS\System32\WindowsPowerShell\v1.0\;C:\Program Files\7-Zip;C:\Program Files\Microsoft SQL Server\110\Tools\Binn\; C:\Users\Dragos\AppData\Roaming\npm\node_modules\typescript\bin\tsc;C:\Program Files\Microsoft SQL Server\120\Tools\Binn\;C:\Program Files (x86)\GtkSharp\2.12\bin;C:\Program Files (x86)\Skype\Phone\;C:\Program Files (x86)\CMake\bin;C:\WINDOWS\system32\config\systemprofile\.dnx\bin;C:\Program Files\Microsoft DNX\Dnvm\;C:\Program Files (x86)\Windows Kits\8.1\Windows Performance Toolkit\;C:\Program Files\Git\cmd;E:\Cache\apache-ant-1.9.6\bin;C:\TDM-GCC-64\bin;C:\Program Files (x86)\Heroku\bin;C:\Program Files (x86)\git\cmd;C:\Program Files (x86)\Git\cmd;C:\ProgramData\chocolatey\bin;C:\Program Files\nodejs\;C:\Program Files (x86)\GnuWin32\bin;C:\Users\Dragos\AppData\Local\Microsoft\WindowsApps;E:\Softs\Latex\bin\win32;C:\Program Files (x86)\Microsoft VS Code\bin;C:\Program Files\Heroku\bin;C:\Users\Dragos\AppData\Roaming\npm
10 verbose lifecycle multiplayer-td@~dev: CWD: C:\Users\Dragos\Documents\GitHub\MultiplayerTowerDefence
11 silly lifecycle multiplayer-td@~dev: Args: [ '/d /s /c',
11 silly lifecycle   'concurrently "tsc -w" "nodemon --harmony ./index.js"' ]
12 silly lifecycle multiplayer-td@~dev: Returned: code: 3221225786  signal: null
13 info lifecycle multiplayer-td@~dev: Failed to exec dev script
14 verbose stack Error: multiplayer-td@ dev: `concurrently "tsc -w" "nodemon --harmony ./index.js"`
14 verbose stack Exit status 3221225786
14 verbose stack     at EventEmitter.<anonymous> (C:\Users\Dragos\AppData\Roaming\npm\node_modules\npm\lib\utils\lifecycle.js:279:16)
14 verbose stack     at emitTwo (events.js:106:13)
14 verbose stack     at EventEmitter.emit (events.js:194:7)
14 verbose stack     at ChildProcess.<anonymous> (C:\Users\Dragos\AppData\Roaming\npm\node_modules\npm\lib\utils\spawn.js:40:14)
14 verbose stack     at emitTwo (events.js:106:13)
14 verbose stack     at ChildProcess.emit (events.js:194:7)
14 verbose stack     at maybeClose (internal/child_process.js:899:16)
14 verbose stack     at Process.ChildProcess._handle.onexit (internal/child_process.js:226:5)
15 verbose pkgid multiplayer-td@
16 verbose cwd C:\Users\Dragos\Documents\GitHub\MultiplayerTowerDefence
17 error Windows_NT 10.0.14393
18 error argv "C:\\Program Files\\nodejs\\node.exe" "C:\\Users\\Dragos\\AppData\\Roaming\\npm\\node_modules\\npm\\bin\\npm-cli.js" "run" "dev"
19 error node v7.7.3
20 error npm  v4.0.5
21 error code ELIFECYCLE
22 error multiplayer-td@ dev: `concurrently "tsc -w" "nodemon --harmony ./index.js"`
22 error Exit status 3221225786
23 error Failed at the multiplayer-td@ dev script 'concurrently "tsc -w" "nodemon --harmony ./index.js"'.
23 error Make sure you have the latest version of node.js and npm installed.
23 error If you do, this is most likely a problem with the multiplayer-td package,
23 error not with npm itself.
23 error Tell the author that this fails on your system:
23 error     concurrently "tsc -w" "nodemon --harmony ./index.js"
23 error You can get information on how to open an issue for this project with:
23 error     npm bugs multiplayer-td
23 error Or if that isn't available, you can get their info via:
23 error     npm owner ls multiplayer-td
23 error There is likely additional logging output above.
24 verbose exit [ 1, true ]
